<?xml version="1.0" encoding="UTF-8"?>
<!-- Generated by org.testng.reporters.JUnitXMLReporter -->
<testsuite ignored="4" hostname="BALAGAM" failures="0" tests="6" name="My tests1" time="0.106" errors="0" timestamp="2024-12-29T09:12:32 IST">
  <testcase classname="testngtestcases.annotatiosn" name="testcase1" time="0.018"/>
  <testcase classname="testngtestcases.annotatiosn" name="testcase2" time="0.002"/>
  <testcase classname="testngtestcases.testcase" name="loing" time="0.004"/>
  <testcase classname="testngtestcases.testcase" name="doactions" time="0.006"/>
  <testcase classname="testngtestcases.annotatiosn" name="testcase1" time="0.003"/>
  <testcase classname="testngtestcases.annotatiosn" name="testcase2" time="0.002"/>
  <testcase classname="testngtestcases.annotatiosn" name="@BeforeSuite beforesuite" time="0.0">
    <ignored/>
  </testcase> <!-- @BeforeSuite beforesuite -->
  <testcase classname="testngtestcases.annotatiosn" name="@BeforeTest beforetest" time="0.0">
    <ignored/>
  </testcase> <!-- @BeforeTest beforetest -->
  <testcase classname="testngtestcases.annotatiosn" name="@AfterSuite aftersuite" time="0.0">
    <ignored/>
  </testcase> <!-- @AfterSuite aftersuite -->
  <testcase classname="testngtestcases.annotatiosn" name="@AfterTest aftertest" time="0.0">
    <ignored/>
  </testcase> <!-- @AfterTest aftertest -->
</testsuite> <!-- My tests1 -->
