<?xml version="1.0" encoding="UTF-8"?>
<!-- Generated by org.testng.reporters.JUnitXMLReporter -->
<testsuite ignored="5" hostname="BALAGAM" failures="0" tests="3" name="My tests" time="0.071" errors="0" timestamp="2024-12-29T10:18:58 IST">
  <testcase classname="testngtestcases.signup" name="signupbyemail" time="0.015"/>
  <testcase classname="testngtestcases.signup" name="singupbyfb" time="0.002"/>
  <testcase classname="testngtestcases.signup" name="signupbytwitter" time="0.002"/>
  <testcase classname="testngtestcases.login" name="loginbytwitter" time="0.0">
    <ignored/>
  </testcase> <!-- loginbytwitter -->
  <testcase classname="testngtestcases.login" name="loginbyemail" time="0.0">
    <ignored/>
  </testcase> <!-- loginbyemail -->
  <testcase classname="testngtestcases.payments" name="paymentbyRuoee" time="0.0">
    <ignored/>
  </testcase> <!-- paymentbyRuoee -->
  <testcase classname="testngtestcases.payments" name="Paymentbydolla" time="0.0">
    <ignored/>
  </testcase> <!-- Paymentbydolla -->
  <testcase classname="testngtestcases.login" name="loginbyfb" time="0.0">
    <ignored/>
  </testcase> <!-- loginbyfb -->
</testsuite> <!-- My tests -->
