<?xml version="1.0" encoding="UTF-8"?>
<testng-results ignored="0" total="2" passed="2" failed="0" skipped="0">
  <reporter-output>
  </reporter-output>
  <suite started-at="2026-06-17T10:59:24 IST" name="Default suite" finished-at="2026-06-17T10:59:24 IST" duration-ms="72">
    <groups>
    </groups>
    <test started-at="2026-06-17T10:59:24 IST" name="Default test" finished-at="2026-06-17T10:59:24 IST" duration-ms="72">
      <class name="listners.testcase">
        <test-method signature="testcase1()[pri:0, instance:listners.testcase@131774fe]" started-at="2026-06-17T10:59:24 IST" name="testcase1" finished-at="2026-06-17T10:59:24 IST" duration-ms="17" status="PASS">
          <reporter-output>
          </reporter-output>
        </test-method> <!-- testcase1 -->
        <test-method signature="testcase2()[pri:0, instance:listners.testcase@131774fe]" started-at="2026-06-17T10:59:24 IST" name="testcase2" finished-at="2026-06-17T10:59:24 IST" duration-ms="9" status="PASS">
          <reporter-output>
          </reporter-output>
        </test-method> <!-- testcase2 -->
      </class> <!-- listners.testcase -->
    </test> <!-- Default test -->
  </suite> <!-- Default suite -->
</testng-results>
