<?xml version="1.0" encoding="UTF-8"?>
<!-- Generated by org.testng.reporters.JUnitReportReporter -->
<testsuite hostname="BALAGAM" failures="0" tests="4" name="testngtestcases.testcase" time="0.034" errors="0" timestamp="2026-06-17T10:35:26 IST" skipped="0">
  <testcase classname="testngtestcases.testcase" name="testcase1" time="0.012"/>
  <system-out/>
  <testcase classname="testngtestcases.testcase" name="testcase2" time="0.006"/>
  <system-out/>
  <testcase classname="testngtestcases.testcase" name="loing" time="0.008"/>
  <system-out/>
  <testcase classname="testngtestcases.testcase" name="doactions" time="0.008"/>
  <system-out/>
</testsuite> <!-- testngtestcases.testcase -->
